<?xml version="1.0" encoding="UTF-8"?><testrun name="CSPTests" project="lmu-cmsi282-spring2020-homework5-Onariaginosa" tests="10" started="10" failures="0" errors="5" ignored="0">
  <testsuite name="csp.CSPTests" time="3.045">
    <testcase name="CSP_t0" classname="csp.CSPTests" time="0.012"/>
    <testcase name="CSP_t1" classname="csp.CSPTests" time="0.002"/>
    <testcase name="CSP_t2" classname="csp.CSPTests" time="0.003"/>
    <testcase name="CSP_t3" classname="csp.CSPTests" time="0.001"/>
    <testcase name="CSP_t4" classname="csp.CSPTests" time="0.006">
      <error>java.lang.NullPointerException
	at csp.CSPTests.testSolution(CSPTests.java:31)
	at csp.CSPTests.CSP_t4(CSPTests.java:167)
	at java.base/jdk.internal.reflect.NativeMethodAccessorImpl.invoke0(Native Method)
	at java.base/jdk.internal.reflect.NativeMethodAccessorImpl.invoke(NativeMethodAccessorImpl.java:62)
	at java.base/jdk.internal.reflect.DelegatingMethodAccessorImpl.invoke(DelegatingMethodAccessorImpl.java:43)
	at java.base/java.lang.reflect.Method.invoke(Method.java:566)
	at org.junit.runners.model.FrameworkMethod$1.runReflectiveCall(FrameworkMethod.java:50)
	at org.junit.internal.runners.model.ReflectiveCallable.run(ReflectiveCallable.java:12)
	at org.junit.runners.model.FrameworkMethod.invokeExplosively(FrameworkMethod.java:47)
	at org.junit.internal.runners.statements.InvokeMethod.evaluate(InvokeMethod.java:17)
	at org.junit.internal.runners.statements.FailOnTimeout$CallableStatement.call(FailOnTimeout.java:298)
	at org.junit.internal.runners.statements.FailOnTimeout$CallableStatement.call(FailOnTimeout.java:292)
	at java.base/java.util.concurrent.FutureTask.run(FutureTask.java:264)
	at java.base/java.lang.Thread.run(Thread.java:834)

</error>
    </testcase>
    <testcase name="CSP_t5" classname="csp.CSPTests" time="0.002"/>
    <testcase name="CSP_t6" classname="csp.CSPTests" time="0.001">
      <error>java.lang.NullPointerException
	at csp.CSPTests.testSolution(CSPTests.java:31)
	at csp.CSPTests.CSP_t6(CSPTests.java:215)
	at java.base/jdk.internal.reflect.NativeMethodAccessorImpl.invoke0(Native Method)
	at java.base/jdk.internal.reflect.NativeMethodAccessorImpl.invoke(NativeMethodAccessorImpl.java:62)
	at java.base/jdk.internal.reflect.DelegatingMethodAccessorImpl.invoke(DelegatingMethodAccessorImpl.java:43)
	at java.base/java.lang.reflect.Method.invoke(Method.java:566)
	at org.junit.runners.model.FrameworkMethod$1.runReflectiveCall(FrameworkMethod.java:50)
	at org.junit.internal.runners.model.ReflectiveCallable.run(ReflectiveCallable.java:12)
	at org.junit.runners.model.FrameworkMethod.invokeExplosively(FrameworkMethod.java:47)
	at org.junit.internal.runners.statements.InvokeMethod.evaluate(InvokeMethod.java:17)
	at org.junit.internal.runners.statements.FailOnTimeout$CallableStatement.call(FailOnTimeout.java:298)
	at org.junit.internal.runners.statements.FailOnTimeout$CallableStatement.call(FailOnTimeout.java:292)
	at java.base/java.util.concurrent.FutureTask.run(FutureTask.java:264)
	at java.base/java.lang.Thread.run(Thread.java:834)

</error>
    </testcase>
    <testcase name="CSP_t7" classname="csp.CSPTests" time="3.003">
      <error>org.junit.runners.model.TestTimedOutException: test timed out after 3 seconds
	at java.base@11.0.7/java.lang.Object.hashCode(Native Method)
	at java.base@11.0.7/java.util.HashMap.hash(HashMap.java:339)
	at java.base@11.0.7/java.util.HashMap.put(HashMap.java:607)
	at java.base@11.0.7/java.util.HashSet.add(HashSet.java:220)
	at app//csp.CSP.createArcs(CSP.java:266)
	at app//csp.CSP.invertArcs(CSP.java:273)
	at app//csp.CSP.AC3(CSP.java:189)
	at app//csp.CSP.solve(CSP.java:66)
	at app//csp.CSPTests.CSP_t7(CSPTests.java:232)
	at java.base@11.0.7/jdk.internal.reflect.NativeMethodAccessorImpl.invoke0(Native Method)
	at java.base@11.0.7/jdk.internal.reflect.NativeMethodAccessorImpl.invoke(NativeMethodAccessorImpl.java:62)
	at java.base@11.0.7/jdk.internal.reflect.DelegatingMethodAccessorImpl.invoke(DelegatingMethodAccessorImpl.java:43)
	at java.base@11.0.7/java.lang.reflect.Method.invoke(Method.java:566)
	at app//org.junit.runners.model.FrameworkMethod$1.runReflectiveCall(FrameworkMethod.java:50)
	at app//org.junit.internal.runners.model.ReflectiveCallable.run(ReflectiveCallable.java:12)
	at app//org.junit.runners.model.FrameworkMethod.invokeExplosively(FrameworkMethod.java:47)
	at app//org.junit.internal.runners.statements.InvokeMethod.evaluate(InvokeMethod.java:17)
	at app//org.junit.internal.runners.statements.FailOnTimeout$CallableStatement.call(FailOnTimeout.java:298)
	at app//org.junit.internal.runners.statements.FailOnTimeout$CallableStatement.call(FailOnTimeout.java:292)
	at java.base@11.0.7/java.util.concurrent.FutureTask.run(FutureTask.java:264)
	at java.base@11.0.7/java.lang.Thread.run(Thread.java:834)

</error>
    </testcase>
    <testcase name="CSP_t8" classname="csp.CSPTests" time="0.006">
      <error>java.lang.NullPointerException
	at csp.CSPTests.testSolution(CSPTests.java:31)
	at csp.CSPTests.CSP_t8(CSPTests.java:272)
	at java.base/jdk.internal.reflect.NativeMethodAccessorImpl.invoke0(Native Method)
	at java.base/jdk.internal.reflect.NativeMethodAccessorImpl.invoke(NativeMethodAccessorImpl.java:62)
	at java.base/jdk.internal.reflect.DelegatingMethodAccessorImpl.invoke(DelegatingMethodAccessorImpl.java:43)
	at java.base/java.lang.reflect.Method.invoke(Method.java:566)
	at org.junit.runners.model.FrameworkMethod$1.runReflectiveCall(FrameworkMethod.java:50)
	at org.junit.internal.runners.model.ReflectiveCallable.run(ReflectiveCallable.java:12)
	at org.junit.runners.model.FrameworkMethod.invokeExplosively(FrameworkMethod.java:47)
	at org.junit.internal.runners.statements.InvokeMethod.evaluate(InvokeMethod.java:17)
	at org.junit.internal.runners.statements.FailOnTimeout$CallableStatement.call(FailOnTimeout.java:298)
	at org.junit.internal.runners.statements.FailOnTimeout$CallableStatement.call(FailOnTimeout.java:292)
	at java.base/java.util.concurrent.FutureTask.run(FutureTask.java:264)
	at java.base/java.lang.Thread.run(Thread.java:834)

</error>
    </testcase>
    <testcase name="CSP_t9" classname="csp.CSPTests" time="0.009">
      <error>java.lang.NullPointerException
	at csp.CSPTests.testSolution(CSPTests.java:31)
	at csp.CSPTests.CSP_t9(CSPTests.java:303)
	at java.base/jdk.internal.reflect.NativeMethodAccessorImpl.invoke0(Native Method)
	at java.base/jdk.internal.reflect.NativeMethodAccessorImpl.invoke(NativeMethodAccessorImpl.java:62)
	at java.base/jdk.internal.reflect.DelegatingMethodAccessorImpl.invoke(DelegatingMethodAccessorImpl.java:43)
	at java.base/java.lang.reflect.Method.invoke(Method.java:566)
	at org.junit.runners.model.FrameworkMethod$1.runReflectiveCall(FrameworkMethod.java:50)
	at org.junit.internal.runners.model.ReflectiveCallable.run(ReflectiveCallable.java:12)
	at org.junit.runners.model.FrameworkMethod.invokeExplosively(FrameworkMethod.java:47)
	at org.junit.internal.runners.statements.InvokeMethod.evaluate(InvokeMethod.java:17)
	at org.junit.internal.runners.statements.FailOnTimeout$CallableStatement.call(FailOnTimeout.java:298)
	at org.junit.internal.runners.statements.FailOnTimeout$CallableStatement.call(FailOnTimeout.java:292)
	at java.base/java.util.concurrent.FutureTask.run(FutureTask.java:264)
	at java.base/java.lang.Thread.run(Thread.java:834)

</error>
    </testcase>
  </testsuite>
</testrun>
